<?xml version="1.0" encoding="UTF-8"?>
<robot generator="Robot 3.2.2 (Python 3.8.5 on win32)" generated="20210104 18:41:29.583" rpa="false">
<suite id="s1" name="Beardsearching" source="C:\Users\CJ\Testes\mytests\beardsearching.robot">
<test id="s1-t1" name="Buscar por barberarias">
<kw name="Open Session" library="base" type="setup">
<kw name="Set Appium Timeout" library="AppiumLibrary">
<doc>Sets the timeout in seconds used by various keywords.</doc>
<arguments>
<arg>7</arg>
</arguments>
<status status="PASS" starttime="20210104 18:41:29.775" endtime="20210104 18:41:29.775"></status>
</kw>
<kw name="Open Application" library="AppiumLibrary">
<doc>Opens a new application to given Appium server.
Capabilities of appium server, Android and iOS,
Please check https://github.com/appium/appium/blob/master/docs/en/writing-running-appium/server-args.md
| *Option*            | *Man.* | *Description*     |
| remote_url          | Yes    | Appium server url |
| alias               | no     | alias             |</doc>
<arguments>
<arg>http://localhost:4723/wd/hub</arg>
<arg>automationName=UiAutomator2</arg>
<arg>platformName=Android</arg>
<arg>deviceName=Emulator</arg>
<arg>app=${EXECDIR}/app/booksy.apk</arg>
</arguments>
<status status="PASS" starttime="20210104 18:41:29.775" endtime="20210104 18:41:43.186"></status>
</kw>
<status status="PASS" starttime="20210104 18:41:29.775" endtime="20210104 18:41:43.186"></status>
</kw>
<kw name="Open App" library="helpers">
<kw name="Wait Until Page Contains" library="AppiumLibrary">
<doc>Waits until `text` appears on current page.</doc>
<arguments>
<arg>Enable Location Service</arg>
</arguments>
<status status="PASS" starttime="20210104 18:41:43.187" endtime="20210104 18:41:48.151"></status>
</kw>
<kw name="Click Element" library="AppiumLibrary">
<doc>Click element identified by `locator`.</doc>
<arguments>
<arg>id=net.booksy.customer:id/cancelLocation</arg>
</arguments>
<msg timestamp="20210104 18:41:48.152" level="INFO">Clicking element 'id=net.booksy.customer:id/cancelLocation'.</msg>
<status status="PASS" starttime="20210104 18:41:48.151" endtime="20210104 18:41:48.874"></status>
</kw>
<kw name="Wait Until Page Contains" library="AppiumLibrary">
<doc>Waits until `text` appears on current page.</doc>
<arguments>
<arg>Booksy lets you easily find services you love in your area.</arg>
</arguments>
<status status="PASS" starttime="20210104 18:41:48.874" endtime="20210104 18:41:48.975"></status>
</kw>
<kw name="Click Element" library="AppiumLibrary">
<doc>Click element identified by `locator`.</doc>
<arguments>
<arg>id=net.booksy.customer:id/man</arg>
</arguments>
<msg timestamp="20210104 18:41:48.976" level="INFO">Clicking element 'id=net.booksy.customer:id/man'.</msg>
<status status="PASS" starttime="20210104 18:41:48.975" endtime="20210104 18:41:50.486"></status>
</kw>
<kw name="Wait Until Page Contains" library="AppiumLibrary">
<doc>Waits until `text` appears on current page.</doc>
<arguments>
<arg>Allow Booksy to access this device's location?</arg>
</arguments>
<status status="PASS" starttime="20210104 18:41:50.486" endtime="20210104 18:41:50.583"></status>
</kw>
<kw name="Click Element" library="AppiumLibrary">
<doc>Click element identified by `locator`.</doc>
<arguments>
<arg>id=com.android.packageinstaller:id/permission_deny_button</arg>
</arguments>
<msg timestamp="20210104 18:41:50.584" level="INFO">Clicking element 'id=com.android.packageinstaller:id/permission_deny_button'.</msg>
<status status="PASS" starttime="20210104 18:41:50.583" endtime="20210104 18:41:50.643"></status>
</kw>
<kw name="Wait Until Page Contains" library="AppiumLibrary">
<doc>Waits until `text` appears on current page.</doc>
<arguments>
<arg>Your Booksy</arg>
</arguments>
<status status="PASS" starttime="20210104 18:41:50.643" endtime="20210104 18:41:52.287"></status>
</kw>
<status status="PASS" starttime="20210104 18:41:43.187" endtime="20210104 18:41:52.288"></status>
</kw>
<kw name="Click Text" library="AppiumLibrary">
<doc>Click text identified by ``text``.</doc>
<arguments>
<arg>Barba</arg>
</arguments>
<status status="PASS" starttime="20210104 18:41:52.288" endtime="20210104 18:41:52.699"></status>
</kw>
<kw name="Wait Until Page Contains" library="AppiumLibrary">
<doc>Waits until `text` appears on current page.</doc>
<arguments>
<arg>xpath=//android.widget.LinearLayout[@content-desc="Barba"]/android.widget.TextView</arg>
</arguments>
<msg timestamp="20210104 18:42:00.179" level="INFO">&lt;?xml version='1.0' encoding='UTF-8' standalone='yes' ?&gt;
&lt;hierarchy index="0" class="hierarchy" rotation="0" width="1080" height="1794"&gt;
  &lt;android.widget.FrameLayout index="0" package="net.booksy.customer" class="android.widget.FrameLayout" text="" checkable="false" checked="false" clickable="false" enabled="true" focusable="false" focused="false" long-clickable="false" password="false" scrollable="false" selected="false" bounds="[0,0][1080,1794]" displayed="true"&gt;
    &lt;android.widget.LinearLayout index="0" package="net.booksy.customer" class="android.widget.LinearLayout" text="" checkable="false" checked="false" clickable="false" enabled="true" focusable="false" focused="false" long-clickable="false" password="false" scrollable="false" selected="false" bounds="[0,0][1080,1794]" displayed="true"&gt;
      &lt;android.widget.FrameLayout index="0" package="net.booksy.customer" class="android.widget.FrameLayout" text="" checkable="false" checked="false" clickable="false" enabled="true" focusable="false" focused="false" long-clickable="false" password="false" scrollable="false" selected="false" bounds="[0,63][1080,1794]" displayed="true"&gt;
        &lt;android.widget.LinearLayout index="0" package="net.booksy.customer" class="android.widget.LinearLayout" text="" resource-id="net.booksy.customer:id/action_bar_root" checkable="false" checked="false" clickable="false" enabled="true" focusable="false" focused="false" long-clickable="false" password="false" scrollable="false" selected="false" bounds="[0,63][1080,1794]" displayed="true"&gt;
          &lt;android.widget.FrameLayout index="0" package="net.booksy.customer" class="android.widget.FrameLayout" text="" resource-id="android:id/content" checkable="false" checked="false" clickable="false" enabled="true" focusable="false" focused="false" long-clickable="false" password="false" scrollable="false" selected="false" bounds="[0,63][1080,1794]" displayed="true"&gt;
            &lt;android.widget.FrameLayout index="0" package="net.booksy.customer" class="android.widget.FrameLayout" text="" checkable="false" checked="false" clickable="false" enabled="true" focusable="false" focused="false" long-clickable="false" password="false" scrollable="false" selected="false" bounds="[0,63][1080,1794]" displayed="true"&gt;
              &lt;android.widget.FrameLayout index="0" package="net.booksy.customer" class="android.widget.FrameLayout" text="" checkable="false" checked="false" clickable="false" enabled="true" focusable="false" focused="false" long-clickable="false" password="false" scrollable="false" selected="false" bounds="[0,63][1080,1794]" displayed="true"&gt;
                &lt;android.widget.RelativeLayout index="0" package="net.booksy.customer" class="android.widget.RelativeLayout" text="" checkable="false" checked="false" clickable="false" enabled="true" focusable="false" focused="false" long-clickable="false" password="false" scrollable="false" selected="false" bounds="[0,63][1080,1794]" displayed="true"&gt;
                  &lt;android.widget.FrameLayout index="0" package="net.booksy.customer" class="android.widget.FrameLayout" text="" resource-id="net.booksy.customer:id/frame_content" checkable="false" checked="false" clickable="false" enabled="true" focusable="false" focused="false" long-clickable="false" password="false" scrollable="false" selected="false" bounds="[0,63][1080,1647]" displayed="true"&gt;
                    &lt;android.widget.RelativeLayout index="0" package="net.booksy.customer" class="android.widget.RelativeLayout" text="" checkable="false" checked="false" clickable="true" enabled="true" focusable="true" focused="false" long-clickable="false" password="false" scrollable="false" selected="false" bounds="[0,63][1080,1647]" displayed="true"&gt;
                      &lt;android.widget.ImageView index="0" package="net.booksy.customer" class="android.widget.ImageView" text="" checkable="false" checked="false" clickable="false" enabled="true" focusable="false" focused="false" long-clickable="false" password="false" scrollable="false" selected="false" bounds="[0,63][1080,494]" displayed="true" /&gt;
                      &lt;android.widget.LinearLayout index="1" package="net.booksy.customer" class="android.widget.LinearLayout" text="" resource-id="net.booksy.customer:id/topLayout" checkable="false" checked="false" clickable="false" enabled="true" focusable="false" focused="false" long-clickable="false" password="false" scrollable="false" selected="false" bounds="[0,63][1080,269]" displayed="true"&gt;
                        &lt;android.widget.LinearLayout index="0" package="net.booksy.customer" class="android.widget.LinearLayout" text="" resource-id="net.booksy.customer:id/exploreSearchInputsLayout" checkable="false" checked="false" clickable="false" enabled="true" focusable="false" focused="false" long-clickable="false" password="false" scrollable="false" selected="false" bounds="[63,95][1017,237]" displayed="true"&gt;
                          &lt;android.widget.LinearLayout index="0" package="net.booksy.customer" class="android.widget.LinearLayout" text="" resource-id="net.booksy.customer:id/exploreSearchQueryLayout" checkable="false" checked="false" clickable="true" enabled="true" focusable="true" focused="false" long-clickable="false" password="false" scrollable="false" selected="false" bounds="[63,95][1017,237]" displayed="true"&gt;
                            &lt;android.widget.EditText index="0" package="net.booksy.customer" class="android.widget.EditText" text="What are you looking for?" resource-id="net.booksy.customer:id/exploreSearchQueryInput" checkable="false" checked="false" clickable="true" enabled="true" focusable="false" focused="false" long-clickable="true" password="false" scrollable="false" selected="false" bounds="[63,142][1017,189]" displayed="true" /&gt;
                          &lt;/android.widget.LinearLayout&gt;
                        &lt;/android.widget.LinearLayout&gt;
                      &lt;/android.widget.LinearLayout&gt;
                      &lt;androidx.recyclerview.widget.RecyclerView index="2" package="net.booksy.customer" class="androidx.recyclerview.widget.RecyclerView" text="" resource-id="net.booksy.customer:id/exploreRecyclerView" checkable="false" checked="false" clickable="false" enabled="true" focusable="true" focused="false" long-clickable="false" password="false" scrollable="true" selected="false" bounds="[0,269][1080,1647]" displayed="true"&gt;
                        &lt;android.widget.LinearLayout index="0" package="net.booksy.customer" class="android.widget.LinearLayout" text="" checkable="false" checked="false" clickable="false" enabled="true" focusable="false" focused="false" long-clickable="false" password="false" scrollable="false" selected="false" bounds="[0,269][1080,782]" displayed="true"&gt;
                          &lt;android.widget.RelativeLayout index="0" package="net.booksy.customer" class="android.widget.RelativeLayout" text="" checkable="false" checked="false" clickable="false" enabled="true" focusable="false" focused="false" long-clickable="false" password="false" scrollable="false" selected="false" bounds="[0,269][1080,782]" displayed="true"&gt;
                            &lt;android.widget.LinearLayout index="0" package="net.booksy.customer" class="android.widget.LinearLayout" text="" resource-id="net.booksy.customer:id/exploreSearchSmallInputLayout" checkable="false" checked="false" clickable="false" enabled="true" focusable="false" focused="false" long-clickable="false" password="false" scrollable="false" selected="false" bounds="[63,269][1017,353]" displayed="true"&gt;
                              &lt;android.widget.LinearLayout index="0" package="net.booksy.customer" class="android.widget.LinearLayout" text="" checkable="false" checked="false" clickable="false" enabled="true" focusable="false" focused="false" long-clickable="false" password="false" scrollable="false" selected="false" bounds="[63,269][616,353]" displayed="true"&gt;
                                &lt;android.widget.EditText index="0" package="net.booksy.customer" class="android.widget.EditText" text="Where?" resource-id="net.booksy.customer:id/exploreSearchLocationSmallInput" checkable="false" checked="false" clickable="true" enabled="true" focusable="false" focused="false" long-clickable="true" password="false" scrollable="false" selected="false" bounds="[95,269][616,353]" displayed="true" /&gt;
                              &lt;/android.widget.LinearLayout&gt;
                              &lt;android.widget.LinearLayout index="1" package="net.booksy.customer" class="android.widget.LinearLayout" text="" resource-id="net.booksy.customer:id/exploreSearchWhenSmallLayout" checkable="false" checked="false" clickable="false" enabled="true" focusable="false" focused="false" long-clickable="false" password="false" scrollable="false" selected="false" bounds="[648,269][1017,353]" displayed="true"&gt;
                                &lt;android.widget.EditText index="0" package="net.booksy.customer" class="android.widget.EditText" text="When?" resource-id="net.booksy.customer:id/exploreSearchWhenSmallInput" checkable="false" checked="false" clickable="true" enabled="true" focusable="false" focused="false" long-clickable="true" password="false" scrollable="false" selected="false" bounds="[680,269][1017,353]" displayed="true" /&gt;
                              &lt;/android.widget.LinearLayout&gt;
                            &lt;/android.widget.LinearLayout&gt;
                            &lt;android.widget.HorizontalScrollView index="1" package="net.booksy.customer" class="android.widget.HorizontalScrollView" text="" resource-id="net.booksy.customer:id/exploreTabLayout" checkable="false" checked="false" clickable="false" enabled="true" focusable="true" focused="false" long-clickable="false" password="false" scrollable="true" selected="false" bounds="[0,385][1080,469]" displayed="true"&gt;
                              &lt;android.widget.LinearLayout index="0" package="net.booksy.customer" class="android.widget.LinearLayout" text="" checkable="false" checked="false" clickable="false" enabled="true" focusable="false" focused="false" long-clickable="false" password="false" scrollable="false" selected="false" bounds="[0,385][1080,458]" displayed="true"&gt;
                                &lt;android.widget.LinearLayout index="0" package="net.booksy.customer" class="android.widget.LinearLayout" text="" content-desc="All" checkable="false" checked="false" clickable="true" enabled="true" focusable="true" focused="false" long-clickable="false" password="false" scrollable="false" selected="false" bounds="[42,385][92,458]" displayed="true"&gt;
                                  &lt;android.widget.TextView index="0" package="net.booksy.customer" class="android.widget.TextView" text="All" checkable="false" checked="false" clickable="false" enabled="true" focusable="false" focused="false" long-clickable="false" password="false" scrollable="false" selected="false" bounds="[47,400][87,443]" displayed="true" /&gt;
                                &lt;/android.widget.LinearLayout&gt;
                                &lt;android.widget.LinearLayout index="1" package="net.booksy.customer" class="android.widget.LinearLayout" text="" content-desc="Cabelo" checkable="false" checked="false" clickable="true" enabled="true" focusable="true" focused="false" long-clickable="false" password="false" scrollable="false" selected="false" bounds="[134,385][259,458]" displayed="true"&gt;
                                  &lt;android.widget.TextView index="0" package="net.booksy.customer" class="android.widget.TextView" text="Cabelo" checkable="false" checked="false" clickable="false" enabled="true" focusable="false" focused="false" long-clickable="false" password="false" scrollable="false" selected="false" bounds="[139,400][254,443]" displayed="true" /&gt;
                                &lt;/android.widget.LinearLayout&gt;
                                &lt;android.widget.LinearLayout index="2" package="net.booksy.customer" class="android.widget.LinearLayout" text="" content-desc="Barba" checkable="false" checked="false" clickable="false" enabled="true" focusable="true" focused="false" long-clickable="false" password="false" scrollable="false" selected="true" bounds="[301,385][407,458]" displayed="true"&gt;
                                  &lt;android.widget.TextView index="0" package="net.booksy.customer" class="android.widget.TextView" text="Barba" checkable="false" checked="false" clickable="false" enabled="true" focusable="false" focused="false" long-clickable="false" password="false" scrollable="false" selected="true" bounds="[306,399][402,443]" displayed="true" /&gt;
                                &lt;/android.widget.LinearLayout&gt;
                                &lt;android.widget.LinearLayout index="3" package="net.booksy.customer" class="android.widget.LinearLayout" text="" content-desc="Unhas" checkable="false" checked="false" clickable="true" enabled="true" focusable="true" focused="false" long-clickable="false" password="false" scrollable="false" selected="false" bounds="[449,385][560,458]" displayed="true"&gt;
                                  &lt;android.widget.TextView index="0" package="net.booksy.customer" class="android.widget.TextView" text="Unhas" checkable="false" checked="false" clickable="false" enabled="true" focusable="false" focused="false" long-clickable="false" password="false" scrollable="false" selected="false" bounds="[454,400][555,443]" displayed="true" /&gt;
                                &lt;/android.widget.LinearLayout&gt;
                                &lt;android.widget.LinearLayout index="4" package="net.booksy.customer" class="android.widget.LinearLayout" text="" content-desc="Estética" checkable="false" checked="false" clickable="true" enabled="true" focusable="true" focused="false" long-clickable="false" password="false" scrollable="false" selected="false" bounds="[602,385][736,458]" displayed="true"&gt;
                                  &lt;android.widget.TextView index="0" package="net.booksy.customer" class="android.widget.TextView" text="Estética" checkable="false" checked="false" clickable="false" enabled="true" focusable="false" focused="false" long-clickable="false" password="false" scrollable="false" selected="false" bounds="[607,400][731,443]" displayed="true" /&gt;
                                &lt;/android.widget.LinearLayout&gt;
                                &lt;android.widget.LinearLayout index="5" package="net.booksy.customer" class="android.widget.LinearLayout" text="" content-desc="Sobrancelhas e cílios" checkable="false" checked="false" clickable="true" enabled="true" focusable="true" focused="false" long-clickable="false" password="false" scrollable="false" selected="false" bounds="[778,385][1080,458]" displayed="true"&gt;
                                  &lt;android.widget.TextView index="0" package="net.booksy.customer" class="android.widget.TextView" text="Sobrancelhas e cílios" checkable="false" checked="false" clickable="false" enabled="true" focusable="false" focused="false" long-clickable="false" password="false" scrollable="false" selected="false" bounds="[783,400][1080,443]" displayed="true" /&gt;
                                &lt;/android.widget.LinearLayout&gt;
                              &lt;/android.widget.LinearLayout&gt;
                            &lt;/android.widget.HorizontalScrollView&gt;
                            &lt;android.widget.LinearLayout index="2" package="net.booksy.customer" class="android.widget.LinearLayout" text="" resource-id="net.booksy.customer:id/contentLayout" checkable="false" checked="false" clickable="false" enabled="true" focusable="false" focused="false" long-clickable="false" password="false" scrollable="false" selected="false" bounds="[0,501][1080,782]" displayed="true"&gt;
                              &lt;android.widget.LinearLayout index="0" package="net.booksy.customer" class="android.widget.LinearLayout" text="" resource-id="net.booksy.customer:id/resultsLayout" checkable="false" checked="false" clickable="false" enabled="true" focusable="false" focused="false" long-clickable="false" password="false" scrollable="false" selected="false" bounds="[0,501][1080,655]" displayed="true"&gt;
                                &lt;android.widget.TextView index="0" package="net.booksy.customer" class="android.widget.TextView" text="Barba (1982)" resource-id="net.booksy.customer:id/exploreResultCountView" checkable="false" checked="false" clickable="false" enabled="true" focusable="false" focused="false" long-clickable="false" password="false" scrollable="false" selected="false" bounds="[0,501][1080,655]" displayed="true" /&gt;
                              &lt;/android.widget.LinearLayout&gt;
                              &lt;android.widget.HorizontalScrollView index="1" package="net.booksy.customer" class="android.widget.HorizontalScrollView" text="" resource-id="net.booksy.customer:id/filtersLayout" checkable="false" checked="false" clickable="false" enabled="true" focusable="true" focused="false" long-clickable="false" password="false" scrollable="false" selected="false" bounds="[0,655][1080,782]" displayed="true"&gt;
                                &lt;android.widget.LinearLayout index="0" package="net.booksy.customer" class="android.widget.LinearLayout" text="" checkable="false" checked="false" clickable="false" enabled="true" focusable="false" focused="false" long-clickable="false" password="false" scrollable="false" selected="false" bounds="[63,687][287,750]" displayed="true"&gt;
                                  &lt;android.widget.TextView index="0" package="net.booksy.customer" class="android.widget.TextView" text="FILTERS" resource-id="net.booksy.customer:id/filters" checkable="false" checked="false" clickable="true" enabled="true" focusable="true" focused="false" long-clickable="false" password="false" scrollable="false" selected="false" bounds="[63,687][266,750]" displayed="true" /&gt;
                                &lt;/android.widget.LinearLayout&gt;
                              &lt;/android.widget.HorizontalScrollView&gt;
                            &lt;/android.widget.LinearLayout&gt;
                          &lt;/android.widget.RelativeLayout&gt;
                        &lt;/android.widget.LinearLayout&gt;
                        &lt;android.widget.LinearLayout index="1" package="net.booksy.customer" class="android.widget.LinearLayout" text="" checkable="false" checked="false" clickable="true" enabled="true" focusable="true" focused="false" long-clickable="false" password="false" scrollable="false" selected="false" bounds="[0,782][1080,1647]" displayed="true"&gt;
                          &lt;android.widget.LinearLayout index="0" package="net.booksy.customer" class="android.widget.LinearLayout" text="" resource-id="net.booksy.customer:id/root" checkable="false" checked="false" clickable="false" enabled="true" focusable="false" focused="false" long-clickable="false" password="false" scrollable="false" selected="false" bounds="[0,782][1080,1647]" displayed="true"&gt;
                            &lt;android.widget.RelativeLayout index="0" package="net.booksy.customer" class="android.widget.RelativeLayout" text="" checkable="false" checked="false" clickable="false" enabled="true" focusable="false" focused="false" long-clickable="false" password="false" scrollable="false" selected="false" bounds="[63,824][1017,1576]" displayed="true"&gt;
                              &lt;android.widget.ImageView index="0" package="net.booksy.customer" class="android.widget.ImageView" text="" resource-id="net.booksy.customer:id/businessListItemImage" checkable="false" checked="false" clickable="false" enabled="true" focusable="false" focused="false" long-clickable="false" password="false" scrollable="false" selected="false" bounds="[63,824][1017,1460]" displayed="true" /&gt;
                              &lt;android.widget.TextView index="1" package="net.booksy.customer" class="android.widget.TextView" text="BOOKSY RECOMMENDED" resource-id="net.booksy.customer:id/recommended" checkable="false" checked="false" clickable="false" enabled="true" focusable="false" focused="false" long-clickable="false" password="false" scrollable="false" selected="false" bounds="[95,856][475,919]" displayed="true" /&gt;
                              &lt;android.widget.LinearLayout index="2" package="net.booksy.customer" class="android.widget.LinearLayout" text="" resource-id="net.booksy.customer:id/reviews" checkable="false" checked="false" clickable="false" enabled="true" focusable="false" focused="false" long-clickable="false" password="false" scrollable="false" selected="false" bounds="[828,824][1017,966]" displayed="true"&gt;
                                &lt;android.widget.LinearLayout index="0" package="net.booksy.customer" class="android.widget.LinearLayout" text="" checkable="false" checked="false" clickable="false" enabled="true" focusable="false" focused="false" long-clickable="false" password="false" scrollable="false" selected="false" bounds="[828,824][1017,966]" displayed="true"&gt;
                                  &lt;android.widget.TextView index="0" package="net.booksy.customer" class="android.widget.TextView" text="5.0" resource-id="net.booksy.customer:id/rank" checkable="false" checked="false" clickable="false" enabled="true" focusable="false" focused="false" long-clickable="false" password="false" scrollable="false" selected="false" bounds="[883,840][961,904]" displayed="true" /&gt;
                                  &lt;android.widget.TextView index="1" package="net.booksy.customer" class="android.widget.TextView" text="58 reviews" resource-id="net.booksy.customer:id/count" checkable="false" checked="false" clickable="false" enabled="true" focusable="false" focused="false" long-clickable="false" password="false" scrollable="false" selected="false" bounds="[859,909][985,941]" displayed="true" /&gt;
                                &lt;/android.widget.LinearLayout&gt;
                              &lt;/android.widget.LinearLayout&gt;
                              &lt;android.widget.LinearLayout index="3" package="net.booksy.customer" class="android.widget.LinearLayout" text="" resource-id="net.booksy.customer:id/myWorkLayout" checkable="false" checked="false" clickable="false" enabled="true" focusable="false" focused="false" long-clickable="false" password="false" scrollable="false" selected="false" bounds="[63,1350][1017,1576]" displayed="true"&gt;
                                &lt;android.widget.ImageView index="0" package="net.booksy.customer" class="android.widget.ImageView" text="" resource-id="net.booksy.customer:id/myWorkFirst" checkable="false" checked="false" clickable="false" enabled="true" focusable="false" focused="false" long-clickable="false" password="false" scrollable="false" selected="false" bounds="[63,1355][297,1576]" displayed="true" /&gt;
                                &lt;android.widget.ImageView index="1" package="net.booksy.customer" class="android.widget.ImageView" text="" resource-id="net.booksy.customer:id/myWorkSecond" checkable="false" checked="false" clickable="false" enabled="true" focusable="false" focused="false" long-clickable="false" password="false" scrollable="false" selected="false" bounds="[302,1355][537,1576]" displayed="true" /&gt;
                                &lt;android.widget.ImageView index="2" package="net.booksy.customer" class="android.widget.ImageView" text="" resource-id="net.booksy.customer:id/myWorkThird" checkable="false" checked="false" clickable="false" enabled="true" focusable="false" focused="false" long-clickable="false" password="false" scrollable="false" selected="false" bounds="[542,1355][777,1576]" displayed="true" /&gt;
                                &lt;android.widget.ImageView index="3" package="net.booksy.customer" class="android.widget.ImageView" text="" resource-id="net.booksy.customer:id/myWorkFourth" checkable="false" checked="false" clickable="false" enabled="true" focusable="false" focused="false" long-clickable="false" password="false" scrollable="false" selected="false" bounds="[782,1355][1017,1576]" displayed="true" /&gt;
                              &lt;/android.widget.LinearLayout&gt;
                            &lt;/android.widget.RelativeLayout&gt;
                            &lt;android.widget.LinearLayout index="1" package="net.booksy.customer" class="android.widget.LinearLayout" text="" checkable="false" checked="false" clickable="false" enabled="true" focusable="false" focused="false" long-clickable="false" password="false" scrollable="false" selected="false" bounds="[63,1576][1017,1647]" displayed="true"&gt;
                              &lt;android.widget.LinearLayout index="0" package="net.booksy.customer" class="android.widget.LinearLayout" text="" checkable="false" checked="false" clickable="false" enabled="true" focusable="false" focused="false" long-clickable="false" password="false" scrollable="false" selected="false" bounds="[63,1608][1017,1647]" displayed="true"&gt;
                                &lt;android.widget.TextView index="0" package="net.booksy.customer" class="android.widget.TextView" text="Barbearia Cavalcante" resource-id="net.booksy.customer:id/businessListItemName" checkable="false" checked="false" clickable="false" enabled="true" focusable="false" focused="false" long-clickable="false" password="false" scrollable="false" selected="false" bounds="[63,1608][510,1647]" displayed="true" /&gt;
                              &lt;/android.widget.LinearLayout&gt;
                            &lt;/android.widget.LinearLayout&gt;
                          &lt;/android.widget.LinearLayout&gt;
                        &lt;/android.widget.LinearLayout&gt;
                      &lt;/androidx.recyclerview.widget.RecyclerView&gt;
                      &lt;android.widget.ImageButton index="3" package="net.booksy.customer" class="android.widget.ImageButton" text="" resource-id="net.booksy.customer:id/mapButton" checkable="false" checked="false" clickable="true" enabled="true" focusable="true" focused="false" long-clickable="false" password="false" scrollable="false" selected="false" bounds="[859,1426][1027,1594]" displayed="true" /&gt;
                    &lt;/android.widget.RelativeLayout&gt;
                  &lt;/android.widget.FrameLayout&gt;
                  &lt;android.view.View index="1" package="net.booksy.customer" class="android.view.View" text="" resource-id="net.booksy.customer:id/white" checkable="false" checked="false" clickable="false" enabled="true" focusable="false" focused="false" long-clickable="false" password="false" scrollable="false" selected="false" bounds="[0,1647][1080,1794]" displayed="true" /&gt;
                  &lt;android.widget.LinearLayout index="2" package="net.booksy.customer" class="android.widget.LinearLayout" text="" resource-id="net.booksy.customer:id/menuView" checkable="false" checked="false" clickable="false" enabled="true" focusable="false" focused="false" long-clickable="false" password="false" scrollable="false" selected="false" bounds="[0,1647][1080,1794]" displayed="true"&gt;
                    &lt;android.widget.LinearLayout index="0" package="net.booksy.customer" class="android.widget.LinearLayout" text="" checkable="false" checked="false" clickable="false" enabled="true" focusable="false" focused="false" long-clickable="false" password="false" scrollable="false" selected="false" bounds="[0,1647][1080,1794]" displayed="true"&gt;
                      &lt;android.widget.LinearLayout index="0" package="net.booksy.customer" class="android.widget.LinearLayout" text="" resource-id="net.booksy.customer:id/homeLayout" checkable="false" checked="false" clickable="true" enabled="true" focusable="true" focused="false" long-clickable="false" password="false" scrollable="false" selected="false" bounds="[0,1647][270,1794]" displayed="true"&gt;
                        &lt;android.widget.ImageView index="0" package="net.booksy.customer" class="android.widget.ImageView" text="" resource-id="net.booksy.customer:id/homeImage" checkable="false" checked="false" clickable="false" enabled="true" focusable="false" focused="false" long-clickable="false" password="false" scrollable="false" selected="false" bounds="[111,1679][158,1726]" displayed="true" /&gt;
                        &lt;android.widget.TextView index="1" package="net.booksy.customer" class="android.widget.TextView" text="Your Booksy" checkable="false" checked="false" clickable="false" enabled="true" focusable="false" focused="false" long-clickable="false" password="false" scrollable="false" selected="false" bounds="[62,1742][208,1774]" displayed="true" /&gt;
                      &lt;/android.widget.LinearLayout&gt;
                      &lt;android.widget.LinearLayout index="1" package="net.booksy.customer" class="android.widget.LinearLayout" text="" resource-id="net.booksy.customer:id/exploreLayout" checkable="false" checked="false" clickable="true" enabled="true" focusable="true" focused="false" long-clickable="false" password="false" scrollable="false" selected="true" bounds="[270,1647][540,1794]" displayed="true"&gt;
                        &lt;android.widget.ImageView index="0" package="net.booksy.customer" class="android.widget.ImageView" text="" resource-id="net.booksy.customer:id/exploreImage" checkable="false" checked="false" clickable="false" enabled="true" focusable="false" focused="false" long-clickable="false" password="false" scrollable="false" selected="true" bounds="[381,1679][428,1726]" displayed="true" /&gt;
                        &lt;android.widget.TextView index="1" package="net.booksy.customer" class="android.widget.TextView" text="Explore" checkable="false" checked="false" clickable="false" enabled="true" focusable="false" focused="false" long-clickable="false" password="false" scrollable="false" selected="true" bounds="[361,1742][448,1774]" displayed="true" /&gt;
                      &lt;/android.widget.LinearLayout&gt;
                      &lt;android.widget.LinearLayout index="2" package="net.booksy.customer" class="android.widget.LinearLayout" text="" resource-id="net.booksy.customer:id/appointmentsLayout" checkable="false" checked="false" clickable="true" enabled="true" focusable="true" focused="false" long-clickable="false" password="false" scrollable="false" selected="false" bounds="[540,1647][810,1794]" displayed="true"&gt;
                        &lt;android.widget.ImageView index="0" package="net.booksy.customer" class="android.widget.ImageView" text="" resource-id="net.booksy.customer:id/appointmentsImage" checkable="false" checked="false" clickable="false" enabled="true" focusable="false" focused="false" long-clickable="false" password="false" scrollable="false" selected="false" bounds="[651,1679][698,1726]" displayed="true" /&gt;
                        &lt;android.widget.TextView index="1" package="net.booksy.customer" class="android.widget.TextView" text="Appointments" checkable="false" checked="false" clickable="false" enabled="true" focusable="false" focused="false" long-clickable="false" password="false" scrollable="false" selected="false" bounds="[593,1742][756,1774]" displayed="true" /&gt;
                      &lt;/android.widget.LinearLayout&gt;
                      &lt;android.widget.LinearLayout index="3" package="net.booksy.customer" class="android.widget.LinearLayout" text="" resource-id="net.booksy.customer:id/profileLayout" checkable="false" checked="false" clickable="true" enabled="true" focusable="true" focused="false" long-clickable="false" password="false" scrollable="false" selected="false" bounds="[810,1647][1080,1794]" displayed="true"&gt;
                        &lt;android.widget.ImageView index="0" package="net.booksy.customer" class="android.widget.ImageView" text="" resource-id="net.booksy.customer:id/profileImage" checkable="false" checked="false" clickable="false" enabled="true" focusable="false" focused="false" long-clickable="false" password="false" scrollable="false" selected="false" bounds="[921,1679][968,1726]" displayed="true" /&gt;
                        &lt;android.widget.TextView index="1" package="net.booksy.customer" class="android.widget.TextView" text="Profile" checkable="false" checked="false" clickable="false" enabled="true" focusable="false" focused="false" long-clickable="false" password="false" scrollable="false" selected="false" bounds="[908,1742][982,1774]" displayed="true" /&gt;
                      &lt;/android.widget.LinearLayout&gt;
                    &lt;/android.widget.LinearLayout&gt;
                  &lt;/android.widget.LinearLayout&gt;
                &lt;/android.widget.RelativeLayout&gt;
              &lt;/android.widget.FrameLayout&gt;
            &lt;/android.widget.FrameLayout&gt;
          &lt;/android.widget.FrameLayout&gt;
        &lt;/android.widget.LinearLayout&gt;
      &lt;/android.widget.FrameLayout&gt;
    &lt;/android.widget.LinearLayout&gt;
  &lt;/android.widget.FrameLayout&gt;
&lt;/hierarchy&gt;</msg>
<kw name="Capture Page Screenshot" library="AppiumLibrary">
<doc>Takes a screenshot of the current page and embeds it into the log.</doc>
<msg timestamp="20210104 18:42:01.414" level="INFO" html="yes">&lt;/td&gt;&lt;/tr&gt;&lt;tr&gt;&lt;td colspan="3"&gt;&lt;a href="appium-screenshot-1.png"&gt;&lt;img src="appium-screenshot-1.png" width="800px"&gt;&lt;/a&gt;</msg>
<status status="PASS" starttime="20210104 18:42:00.179" endtime="20210104 18:42:01.414"></status>
</kw>
<msg timestamp="20210104 18:42:01.414" level="FAIL">Text 'xpath=//android.widget.LinearLayout[@content-desc="Barba"]/android.widget.TextView' did not appear in 7 seconds</msg>
<status status="FAIL" starttime="20210104 18:41:52.700" endtime="20210104 18:42:01.414"></status>
</kw>
<kw name="Close Session" library="base" type="teardown">
<kw name="Close Application" library="AppiumLibrary">
<doc>Closes the current application and also close webdriver session.</doc>
<status status="PASS" starttime="20210104 18:42:01.415" endtime="20210104 18:42:01.973"></status>
</kw>
<status status="PASS" starttime="20210104 18:42:01.415" endtime="20210104 18:42:01.973"></status>
</kw>
<status status="FAIL" starttime="20210104 18:41:29.774" endtime="20210104 18:42:01.973" critical="yes">Text 'xpath=//android.widget.LinearLayout[@content-desc="Barba"]/android.widget.TextView' did not appear in 7 seconds</status>
</test>
<status status="FAIL" starttime="20210104 18:41:29.584" endtime="20210104 18:42:01.975"></status>
</suite>
<statistics>
<total>
<stat pass="0" fail="1">Critical Tests</stat>
<stat pass="0" fail="1">All Tests</stat>
</total>
<tag>
</tag>
<suite>
<stat pass="0" fail="1" id="s1" name="Beardsearching">Beardsearching</stat>
</suite>
</statistics>
<errors>
</errors>
</robot>
