<?xml version="1.0" encoding="UTF-8"?>
<robot generator="Robot 3.2.2 (Python 3.8.5 on win32)" generated="20210104 19:17:35.037" rpa="false">
<suite id="s1" name="Beardsearching" source="C:\Users\CJ\Testes\mytests\beardsearching.robot">
<test id="s1-t1" name="Fazer Cadastro">
<kw name="Open Session" library="base" type="setup">
<kw name="Set Appium Timeout" library="AppiumLibrary">
<doc>Sets the timeout in seconds used by various keywords.</doc>
<arguments>
<arg>7</arg>
</arguments>
<status status="PASS" starttime="20210104 19:17:35.209" endtime="20210104 19:17:35.209"></status>
</kw>
<kw name="Open Application" library="AppiumLibrary">
<doc>Opens a new application to given Appium server.
Capabilities of appium server, Android and iOS,
Please check https://github.com/appium/appium/blob/master/docs/en/writing-running-appium/server-args.md
| *Option*            | *Man.* | *Description*     |
| remote_url          | Yes    | Appium server url |
| alias               | no     | alias             |</doc>
<arguments>
<arg>http://localhost:4723/wd/hub</arg>
<arg>automationName=UiAutomator2</arg>
<arg>platformName=Android</arg>
<arg>deviceName=Emulator</arg>
<arg>app=${EXECDIR}/app/booksy.apk</arg>
</arguments>
<status status="PASS" starttime="20210104 19:17:35.209" endtime="20210104 19:17:48.922"></status>
</kw>
<status status="PASS" starttime="20210104 19:17:35.209" endtime="20210104 19:17:48.922"></status>
</kw>
<kw name="Open App" library="helpers">
<kw name="Wait Until Page Contains" library="AppiumLibrary">
<doc>Waits until `text` appears on current page.</doc>
<arguments>
<arg>Enable Location Service</arg>
</arguments>
<status status="PASS" starttime="20210104 19:17:48.923" endtime="20210104 19:17:53.840"></status>
</kw>
<kw name="Click Element" library="AppiumLibrary">
<doc>Click element identified by `locator`.</doc>
<arguments>
<arg>id=net.booksy.customer:id/cancelLocation</arg>
</arguments>
<msg timestamp="20210104 19:17:53.841" level="INFO">Clicking element 'id=net.booksy.customer:id/cancelLocation'.</msg>
<status status="PASS" starttime="20210104 19:17:53.840" endtime="20210104 19:17:54.717"></status>
</kw>
<kw name="Wait Until Page Contains" library="AppiumLibrary">
<doc>Waits until `text` appears on current page.</doc>
<arguments>
<arg>Booksy lets you easily find services you love in your area.</arg>
</arguments>
<status status="PASS" starttime="20210104 19:17:54.717" endtime="20210104 19:17:54.843"></status>
</kw>
<kw name="Click Element" library="AppiumLibrary">
<doc>Click element identified by `locator`.</doc>
<arguments>
<arg>id=net.booksy.customer:id/man</arg>
</arguments>
<msg timestamp="20210104 19:17:54.844" level="INFO">Clicking element 'id=net.booksy.customer:id/man'.</msg>
<status status="PASS" starttime="20210104 19:17:54.843" endtime="20210104 19:17:56.338"></status>
</kw>
<kw name="Wait Until Page Contains" library="AppiumLibrary">
<doc>Waits until `text` appears on current page.</doc>
<arguments>
<arg>Allow Booksy to access this device's location?</arg>
</arguments>
<status status="PASS" starttime="20210104 19:17:56.340" endtime="20210104 19:17:56.470"></status>
</kw>
<kw name="Click Element" library="AppiumLibrary">
<doc>Click element identified by `locator`.</doc>
<arguments>
<arg>id=com.android.packageinstaller:id/permission_deny_button</arg>
</arguments>
<msg timestamp="20210104 19:17:56.471" level="INFO">Clicking element 'id=com.android.packageinstaller:id/permission_deny_button'.</msg>
<status status="PASS" starttime="20210104 19:17:56.470" endtime="20210104 19:17:56.519"></status>
</kw>
<kw name="Wait Until Page Contains" library="AppiumLibrary">
<doc>Waits until `text` appears on current page.</doc>
<arguments>
<arg>Your Booksy</arg>
</arguments>
<status status="PASS" starttime="20210104 19:17:56.520" endtime="20210104 19:17:57.026"></status>
</kw>
<status status="PASS" starttime="20210104 19:17:48.923" endtime="20210104 19:17:57.026"></status>
</kw>
<kw name="Close Session" library="base" type="teardown">
<kw name="Close Application" library="AppiumLibrary">
<doc>Closes the current application and also close webdriver session.</doc>
<status status="PASS" starttime="20210104 19:17:57.027" endtime="20210104 19:17:57.515"></status>
</kw>
<status status="PASS" starttime="20210104 19:17:57.027" endtime="20210104 19:17:57.515"></status>
</kw>
<status status="PASS" starttime="20210104 19:17:35.208" endtime="20210104 19:17:57.515" critical="yes"></status>
</test>
<status status="PASS" starttime="20210104 19:17:35.038" endtime="20210104 19:17:57.516"></status>
</suite>
<statistics>
<total>
<stat pass="1" fail="0">Critical Tests</stat>
<stat pass="1" fail="0">All Tests</stat>
</total>
<tag>
</tag>
<suite>
<stat pass="1" fail="0" id="s1" name="Beardsearching">Beardsearching</stat>
</suite>
</statistics>
<errors>
</errors>
</robot>
